# JRE version: OpenJDK Runtime Environment (8.0_152-b01) (build 1.8.0_152-release-915-b01)
# Java VM: OpenJDK 64-Bit Server VM (25.152-b01 mixed mode windows-amd64 compressed oops)
Heap:
 PSYoungGen      total 931840K, used 555736K [0x000000076ab00000, 0x00000007c0000000, 0x00000007c0000000)
  eden space 465920K, 100% used [0x000000076ab00000,0x0000000787200000,0x0000000787200000)
  from space 465920K, 19% used [0x00000007a3900000,0x00000007a90b61c0,0x00000007c0000000)
  to   space 465920K, 14% used [0x0000000787200000,0x000000078b44c2f0,0x00000007a3900000)
 ParOldGen       total 1733120K, used 1411657K [0x00000006c0000000, 0x0000000729c80000, 0x000000076ab00000)
  object space 1733120K, 81% used [0x00000006c0000000,0x0000000716292500,0x0000000729c80000)
 Metaspace       used 86080K, capacity 91295K, committed 91520K, reserved 1128448K
  class space    used 10758K, capacity 11819K, committed 11904K, reserved 1048576K
GC Heap History (10 events):
Event: 687.789 GC heap after
Heap after GC invocations=117 (full 12):
 PSYoungGen      total 931840K, used 143498K [0x000000076ab00000, 0x00000007c0000000, 0x00000007c0000000)
  eden space 465920K, 0% used [0x000000076ab00000,0x000000076ab00000,0x0000000787200000)
  from space 465920K, 30% used [0x0000000787200000,0x000000078fe22a60,0x00000007a3900000)
  to   space 465920K, 0% used [0x00000007a3900000,0x00000007a3900000,0x00000007c0000000)
 ParOldGen       total 1168384K, used 1088328K [0x00000006c0000000, 0x0000000707500000, 0x000000076ab00000)
  object space 1168384K, 93% used [0x00000006c0000000,0x00000007026d20f8,0x0000000707500000)
 Metaspace       used 86050K, capacity 91225K, committed 91520K, reserved 1128448K
  class space    used 10757K, capacity 11818K, committed 11904K, reserved 1048576K
}
Event: 687.789 GC heap before
{Heap before GC invocations=118 (full 13):
 PSYoungGen      total 931840K, used 143498K [0x000000076ab00000, 0x00000007c0000000, 0x00000007c0000000)
  eden space 465920K, 0% used [0x000000076ab00000,0x000000076ab00000,0x0000000787200000)
  from space 465920K, 30% used [0x0000000787200000,0x000000078fe22a60,0x00000007a3900000)
  to   space 465920K, 0% used [0x00000007a3900000,0x00000007a3900000,0x00000007c0000000)
 ParOldGen       total 1168384K, used 1088328K [0x00000006c0000000, 0x0000000707500000, 0x000000076ab00000)
  object space 1168384K, 93% used [0x00000006c0000000,0x00000007026d20f8,0x0000000707500000)
 Metaspace       used 86050K, capacity 91225K, committed 91520K, reserved 1128448K
  class space    used 10757K, capacity 11818K, committed 11904K, reserved 1048576K
Event: 695.344 GC heap after
Heap after GC invocations=118 (full 13):
 PSYoungGen      total 931840K, used 42248K [0x000000076ab00000, 0x00000007c0000000, 0x00000007c0000000)
  eden space 465920K, 0% used [0x000000076ab00000,0x000000076ab00000,0x0000000787200000)
  from space 465920K, 9% used [0x0000000787200000,0x0000000789b42300,0x00000007a3900000)
  to   space 465920K, 0% used [0x00000007a3900000,0x00000007a3900000,0x00000007c0000000)
 ParOldGen       total 1733120K, used 1167959K [0x00000006c0000000, 0x0000000729c80000, 0x000000076ab00000)
  object space 1733120K, 67% used [0x00000006c0000000,0x0000000707495f38,0x0000000729c80000)
 Metaspace       used 86050K, capacity 91225K, committed 91520K, reserved 1128448K
  class space    used 10757K, capacity 11818K, committed 11904K, reserved 1048576K
}
Event: 695.750 GC heap before
{Heap before GC invocations=119 (full 13):
 PSYoungGen      total 931840K, used 508168K [0x000000076ab00000, 0x00000007c0000000, 0x00000007c0000000)
  eden space 465920K, 100% used [0x000000076ab00000,0x0000000787200000,0x0000000787200000)
  from space 465920K, 9% used [0x0000000787200000,0x0000000789b42300,0x00000007a3900000)
  to   space 465920K, 0% used [0x00000007a3900000,0x00000007a3900000,0x00000007c0000000)
 ParOldGen       total 1733120K, used 1167959K [0x00000006c0000000, 0x0000000729c80000, 0x000000076ab00000)
  object space 1733120K, 67% used [0x00000006c0000000,0x0000000707495f38,0x0000000729c80000)
 Metaspace       used 86052K, capacity 91225K, committed 91520K, reserved 1128448K
  class space    used 10757K, capacity 11818K, committed 11904K, reserved 1048576K
Event: 696.127 GC heap after
Heap after GC invocations=119 (full 13):
 PSYoungGen      total 931840K, used 72917K [0x000000076ab00000, 0x00000007c0000000, 0x00000007c0000000)
  eden space 465920K, 0% used [0x000000076ab00000,0x000000076ab00000,0x0000000787200000)
  from space 465920K, 15% used [0x00000007a3900000,0x00000007a8035508,0x00000007c0000000)
  to   space 465920K, 0% used [0x0000000787200000,0x0000000787200000,0x00000007a3900000)
 ParOldGen       total 1733120K, used 1208152K [0x00000006c0000000, 0x0000000729c80000, 0x000000076ab00000)
  object space 1733120K, 69% used [0x00000006c0000000,0x0000000709bd6188,0x0000000729c80000)
 Metaspace       used 86052K, capacity 91225K, committed 91520K, reserved 1128448K
  class space    used 10757K, capacity 11818K, committed 11904K, reserved 1048576K
}
Event: 696.353 GC heap before
{Heap before GC invocations=120 (full 13):
 PSYoungGen      total 931840K, used 538837K [0x000000076ab00000, 0x00000007c0000000, 0x00000007c0000000)
  eden space 465920K, 100% used [0x000000076ab00000,0x0000000787200000,0x0000000787200000)
  from space 465920K, 15% used [0x00000007a3900000,0x00000007a8035508,0x00000007c0000000)
  to   space 465920K, 0% used [0x0000000787200000,0x0000000787200000,0x00000007a3900000)
 ParOldGen       total 1733120K, used 1208152K [0x00000006c0000000, 0x0000000729c80000, 0x000000076ab00000)
  object space 1733120K, 69% used [0x00000006c0000000,0x0000000709bd6188,0x0000000729c80000)
 Metaspace       used 86053K, capacity 91225K, committed 91520K, reserved 1128448K
  class space    used 10757K, capacity 11818K, committed 11904K, reserved 1048576K
Event: 696.448 GC heap after
Heap after GC invocations=120 (full 13):
 PSYoungGen      total 931840K, used 79090K [0x000000076ab00000, 0x00000007c0000000, 0x00000007c0000000)
  eden space 465920K, 0% used [0x000000076ab00000,0x000000076ab00000,0x0000000787200000)
  from space 465920K, 16% used [0x0000000787200000,0x000000078bf3ca08,0x00000007a3900000)
  to   space 465920K, 0% used [0x00000007a3900000,0x00000007a3900000,0x00000007c0000000)
 ParOldGen       total 1733120K, used 1278455K [0x00000006c0000000, 0x0000000729c80000, 0x000000076ab00000)
  object space 1733120K, 73% used [0x00000006c0000000,0x000000070e07dd80,0x0000000729c80000)
 Metaspace       used 86053K, capacity 91225K, committed 91520K, reserved 1128448K
  class space    used 10757K, capacity 11818K, committed 11904K, reserved 1048576K
}
Event: 697.059 GC heap before
{Heap before GC invocations=121 (full 13):
 PSYoungGen      total 931840K, used 545010K [0x000000076ab00000, 0x00000007c0000000, 0x00000007c0000000)
  eden space 465920K, 100% used [0x000000076ab00000,0x0000000787200000,0x0000000787200000)
  from space 465920K, 16% used [0x0000000787200000,0x000000078bf3ca08,0x00000007a3900000)
  to   space 465920K, 0% used [0x00000007a3900000,0x00000007a3900000,0x00000007c0000000)
 ParOldGen       total 1733120K, used 1278455K [0x00000006c0000000, 0x0000000729c80000, 0x000000076ab00000)
  object space 1733120K, 73% used [0x00000006c0000000,0x000000070e07dd80,0x0000000729c80000)
 Metaspace       used 86053K, capacity 91225K, committed 91520K, reserved 1128448K
  class space    used 10757K, capacity 11818K, committed 11904K, reserved 1048576K
Event: 697.167 GC heap after
Heap after GC invocations=121 (full 13):
 PSYoungGen      total 931840K, used 89816K [0x000000076ab00000, 0x00000007c0000000, 0x00000007c0000000)
  eden space 465920K, 0% used [0x000000076ab00000,0x000000076ab00000,0x0000000787200000)
  from space 465920K, 19% used [0x00000007a3900000,0x00000007a90b61c0,0x00000007c0000000)
  to   space 465920K, 0% used [0x0000000787200000,0x0000000787200000,0x00000007a3900000)
 ParOldGen       total 1733120K, used 1353292K [0x00000006c0000000, 0x0000000729c80000, 0x000000076ab00000)
  object space 1733120K, 78% used [0x00000006c0000000,0x0000000712993178,0x0000000729c80000)
 Metaspace       used 86053K, capacity 91225K, committed 91520K, reserved 1128448K
  class space    used 10757K, capacity 11818K, committed 11904K, reserved 1048576K
}
Event: 707.155 GC heap before
{Heap before GC invocations=122 (full 13):
 PSYoungGen      total 931840K, used 555736K [0x000000076ab00000, 0x00000007c0000000, 0x00000007c0000000)
  eden space 465920K, 100% used [0x000000076ab00000,0x0000000787200000,0x0000000787200000)
  from space 465920K, 19% used [0x00000007a3900000,0x00000007a90b61c0,0x00000007c0000000)
  to   space 465920K, 0% used [0x0000000787200000,0x0000000787200000,0x00000007a3900000)
 ParOldGen       total 1733120K, used 1353292K [0x00000006c0000000, 0x0000000729c80000, 0x000000076ab00000)
  object space 1733120K, 78% used [0x00000006c0000000,0x0000000712993178,0x0000000729c80000)
 Metaspace       used 86080K, capacity 91295K, committed 91520K, reserved 1128448K
  class space    used 10758K, capacity 11819K, committed 11904K, reserved 1048576K

